<?xml version="1.0" encoding="UTF-8"?>
<testng-results ignored="0" total="1" passed="1" failed="0" skipped="0">
  <reporter-output>
    <line>
      <![CDATA[Taking time500ms]]>
    </line>
    <line>
      <![CDATA[Reading data from property file]]>
    </line>
    <line>
      <![CDATA[The value is https://neostox.com/]]>
    </line>
    <line>
      <![CDATA[Taking time1000ms]]>
    </line>
    <line>
      <![CDATA[Taking time1000ms]]>
    </line>
    <line>
      <![CDATA[Reading data from property file]]>
    </line>
    <line>
      <![CDATA[The value is 9096429868]]>
    </line>
    <line>
      <![CDATA[Taking time1000ms]]>
    </line>
    <line>
      <![CDATA[Reading data from property file]]>
    </line>
    <line>
      <![CDATA[The value is 6203]]>
    </line>
    <line>
      <![CDATA[Taking time2000ms]]>
    </line>
    <line>
      <![CDATA[Taking time1000ms]]>
    </line>
    <line>
      <![CDATA[Taking time1000ms]]>
    </line>
    <line>
      <![CDATA[Taking time500ms]]>
    </line>
    <line>
      <![CDATA[ADANI ENTERPRISES]]>
    </line>
    <line>
      <![CDATA[Reading data from property file]]>
    </line>
    <line>
      <![CDATA[The value is ADANI ENTERPRISES]]>
    </line>
    <line>
      <![CDATA[TC validatecompanylistedis Passed]]>
    </line>
    <line>
      <![CDATA[taking screenshot ]]>
    </line>
    <line>
      <![CDATA[Screenshot stored at C:\software TestingNotes\Automation Class\selenium\7)ScreenShot\Screenshots\validatecompanylistedpng]]>
    </line>
    <line>
      <![CDATA[Taking time1000ms]]>
    </line>
  </reporter-output>
  <suite started-at="2023-02-18T13:25:21 IST" name="Default suite" finished-at="2023-02-18T13:25:42 IST" duration-ms="20677">
    <groups>
    </groups>
    <test started-at="2023-02-18T13:25:21 IST" name="Default test" finished-at="2023-02-18T13:25:42 IST" duration-ms="20677">
      <class name="test_Neo.NewTest">
        <test-method is-config="true" signature="openBrowser()[pri:0, instance:test_Neo.NewTest@1e0b4072]" started-at="2023-02-18T13:25:21 IST" name="openBrowser" finished-at="2023-02-18T13:25:25 IST" duration-ms="3946" status="PASS">
          <reporter-output>
            <line>
              <![CDATA[Taking time500ms]]>
            </line>
          </reporter-output>
        </test-method> <!-- openBrowser -->
        <test-method is-config="true" signature="logIninNeostox()[pri:0, instance:test_Neo.NewTest@1e0b4072]" started-at="2023-02-18T13:25:25 IST" name="logIninNeostox" finished-at="2023-02-18T13:25:40 IST" duration-ms="14414" status="PASS">
          <reporter-output>
            <line>
              <![CDATA[Reading data from property file]]>
            </line>
            <line>
              <![CDATA[The value is https://neostox.com/]]>
            </line>
            <line>
              <![CDATA[Taking time1000ms]]>
            </line>
            <line>
              <![CDATA[Taking time1000ms]]>
            </line>
            <line>
              <![CDATA[Reading data from property file]]>
            </line>
            <line>
              <![CDATA[The value is 9096429868]]>
            </line>
            <line>
              <![CDATA[Taking time1000ms]]>
            </line>
            <line>
              <![CDATA[Reading data from property file]]>
            </line>
            <line>
              <![CDATA[The value is 6203]]>
            </line>
            <line>
              <![CDATA[Taking time2000ms]]>
            </line>
            <line>
              <![CDATA[Taking time1000ms]]>
            </line>
            <line>
              <![CDATA[Taking time1000ms]]>
            </line>
            <line>
              <![CDATA[Taking time500ms]]>
            </line>
          </reporter-output>
        </test-method> <!-- logIninNeostox -->
        <test-method signature="validatecompanylisted()[pri:0, instance:test_Neo.NewTest@1e0b4072]" started-at="2023-02-18T13:25:40 IST" name="validatecompanylisted" finished-at="2023-02-18T13:25:40 IST" duration-ms="57" status="PASS">
          <reporter-output>
            <line>
              <![CDATA[ADANI ENTERPRISES]]>
            </line>
            <line>
              <![CDATA[Reading data from property file]]>
            </line>
            <line>
              <![CDATA[The value is ADANI ENTERPRISES]]>
            </line>
            <line>
              <![CDATA[TC validatecompanylistedis Passed]]>
            </line>
            <line>
              <![CDATA[taking screenshot ]]>
            </line>
            <line>
              <![CDATA[Screenshot stored at C:\software TestingNotes\Automation Class\selenium\7)ScreenShot\Screenshots\validatecompanylistedpng]]>
            </line>
          </reporter-output>
        </test-method> <!-- validatecompanylisted -->
        <test-method is-config="true" signature="logOutNeo()[pri:0, instance:test_Neo.NewTest@1e0b4072]" started-at="2023-02-18T13:25:40 IST" name="logOutNeo" finished-at="2023-02-18T13:25:42 IST" duration-ms="1368" status="PASS">
          <reporter-output>
            <line>
              <![CDATA[Taking time1000ms]]>
            </line>
          </reporter-output>
        </test-method> <!-- logOutNeo -->
        <test-method is-config="true" signature="closeBrowser()[pri:0, instance:test_Neo.NewTest@1e0b4072]" started-at="2023-02-18T13:25:42 IST" name="closeBrowser" finished-at="2023-02-18T13:25:42 IST" duration-ms="385" status="PASS">
          <reporter-output>
          </reporter-output>
        </test-method> <!-- closeBrowser -->
      </class> <!-- test_Neo.NewTest -->
    </test> <!-- Default test -->
  </suite> <!-- Default suite -->
</testng-results>
