<?xml version="1.0" encoding="UTF-8"?>
<testng-results ignored="0" total="1" passed="1" failed="0" skipped="0">
  <reporter-output>
    <line>
      <![CDATA[Reading data from property file]]>
    </line>
    <line>
      <![CDATA[The value is https://neostox.com/]]>
    </line>
    <line>
      <![CDATA[Taking time1000ms]]>
    </line>
    <line>
      <![CDATA[Taking time500ms]]>
    </line>
    <line>
      <![CDATA[Taking time1000ms]]>
    </line>
    <line>
      <![CDATA[Reading data from property file]]>
    </line>
    <line>
      <![CDATA[The value is 9096429868]]>
    </line>
    <line>
      <![CDATA[Taking time1000ms]]>
    </line>
    <line>
      <![CDATA[Taking time1000ms]]>
    </line>
    <line>
      <![CDATA[Reading data from property file]]>
    </line>
    <line>
      <![CDATA[The value is 6203]]>
    </line>
    <line>
      <![CDATA[Taking time2000ms]]>
    </line>
    <line>
      <![CDATA[Taking time1000ms]]>
    </line>
    <line>
      <![CDATA[Taking time500ms]]>
    </line>
    <line>
      <![CDATA[ADANI ENTERPRISES]]>
    </line>
    <line>
      <![CDATA[Reading data from property file]]>
    </line>
    <line>
      <![CDATA[The value is ADANI ENTERPRISES]]>
    </line>
    <line>
      <![CDATA[TC validatecompanylistedis Passed]]>
    </line>
    <line>
      <![CDATA[taking screenshot ]]>
    </line>
    <line>
      <![CDATA[Screenshot stored at C:\software TestingNotes\Automation Class\selenium\7)ScreenShot\Screenshots\validatecompanylistedpng]]>
    </line>
    <line>
      <![CDATA[Taking time1000ms]]>
    </line>
  </reporter-output>
  <suite started-at="2023-02-11T18:15:54 IST" name="Default suite" finished-at="2023-02-11T18:16:20 IST" duration-ms="26012">
    <groups>
    </groups>
    <test started-at="2023-02-11T18:15:54 IST" name="Default test" finished-at="2023-02-11T18:16:20 IST" duration-ms="26012">
      <class name="test_Neo.NewTest">
        <test-method is-config="true" signature="lounchBrowser()[pri:0, instance:test_Neo.NewTest@32502377]" started-at="2023-02-11T18:15:54 IST" name="lounchBrowser" finished-at="2023-02-11T18:16:01 IST" duration-ms="6750" status="PASS">
          <reporter-output>
            <line>
              <![CDATA[Reading data from property file]]>
            </line>
            <line>
              <![CDATA[The value is https://neostox.com/]]>
            </line>
            <line>
              <![CDATA[Taking time1000ms]]>
            </line>
            <line>
              <![CDATA[Taking time500ms]]>
            </line>
          </reporter-output>
        </test-method> <!-- lounchBrowser -->
        <test-method is-config="true" signature="logIninNeostox()[pri:0, instance:test_Neo.NewTest@32502377]" started-at="2023-02-11T18:16:01 IST" name="logIninNeostox" finished-at="2023-02-11T18:16:18 IST" duration-ms="17171" status="PASS">
          <reporter-output>
            <line>
              <![CDATA[Taking time1000ms]]>
            </line>
            <line>
              <![CDATA[Reading data from property file]]>
            </line>
            <line>
              <![CDATA[The value is 9096429868]]>
            </line>
            <line>
              <![CDATA[Taking time1000ms]]>
            </line>
            <line>
              <![CDATA[Taking time1000ms]]>
            </line>
            <line>
              <![CDATA[Reading data from property file]]>
            </line>
            <line>
              <![CDATA[The value is 6203]]>
            </line>
            <line>
              <![CDATA[Taking time2000ms]]>
            </line>
            <line>
              <![CDATA[Taking time1000ms]]>
            </line>
            <line>
              <![CDATA[Taking time500ms]]>
            </line>
          </reporter-output>
        </test-method> <!-- logIninNeostox -->
        <test-method signature="validatecompanylisted()[pri:0, instance:test_Neo.NewTest@32502377]" started-at="2023-02-11T18:16:18 IST" name="validatecompanylisted" finished-at="2023-02-11T18:16:18 IST" duration-ms="74" status="PASS">
          <reporter-output>
            <line>
              <![CDATA[ADANI ENTERPRISES]]>
            </line>
            <line>
              <![CDATA[Reading data from property file]]>
            </line>
            <line>
              <![CDATA[The value is ADANI ENTERPRISES]]>
            </line>
            <line>
              <![CDATA[TC validatecompanylistedis Passed]]>
            </line>
            <line>
              <![CDATA[taking screenshot ]]>
            </line>
            <line>
              <![CDATA[Screenshot stored at C:\software TestingNotes\Automation Class\selenium\7)ScreenShot\Screenshots\validatecompanylistedpng]]>
            </line>
          </reporter-output>
        </test-method> <!-- validatecompanylisted -->
        <test-method is-config="true" signature="logOutNeo()[pri:0, instance:test_Neo.NewTest@32502377]" started-at="2023-02-11T18:16:18 IST" name="logOutNeo" finished-at="2023-02-11T18:16:20 IST" duration-ms="1510" status="PASS">
          <reporter-output>
            <line>
              <![CDATA[Taking time1000ms]]>
            </line>
          </reporter-output>
        </test-method> <!-- logOutNeo -->
        <test-method is-config="true" signature="closeBrowser()[pri:0, instance:test_Neo.NewTest@32502377]" started-at="2023-02-11T18:16:20 IST" name="closeBrowser" finished-at="2023-02-11T18:16:20 IST" duration-ms="277" status="PASS">
          <reporter-output>
          </reporter-output>
        </test-method> <!-- closeBrowser -->
      </class> <!-- test_Neo.NewTest -->
    </test> <!-- Default test -->
  </suite> <!-- Default suite -->
</testng-results>
